<?xml version="1.0" encoding="UTF-8"?>
<!-- Generated by org.testng.reporters.JUnitReportReporter -->
<testsuite hostname="DESKTOP-51696N7" failures="0" tests="2" name="com.ninza.crm.campaigntest.CreateCampaignTest" time="14.977" errors="0" timestamp="2025-09-13T17:49:17 IST" skipped="0">
  <testcase classname="com.ninza.crm.campaigntest.CreateCampaignTest" name="createCampaignWithExpectedCloseDateTest" time="7.761"/>
  <testcase classname="com.ninza.crm.campaigntest.CreateCampaignTest" name="createCamapignWithMandataoryFieldsTest" time="7.216"/>
</testsuite> <!-- com.ninza.crm.campaigntest.CreateCampaignTest -->
