<?xml version="1.0" encoding="UTF-8"?>
<!-- Generated by org.testng.reporters.JUnitReportReporter -->
<testsuite hostname="DESKTOP-51696N7" failures="0" tests="2" name="com.ninza.crm.campaigntest.CreateCampaignTest" time="9.955" errors="0" timestamp="2025-09-22T16:33:53 IST" skipped="0">
  <testcase classname="com.ninza.crm.campaigntest.CreateCampaignTest" name="createCamapignWithMandataoryFieldsTest" time="5.117"/>
  <testcase classname="com.ninza.crm.campaigntest.CreateCampaignTest" name="createCampaignWithExpectedCloseDateTest" time="4.838"/>
</testsuite> <!-- com.ninza.crm.campaigntest.CreateCampaignTest -->
