<?xml version="1.0" encoding="UTF-8"?>
<!-- Generated by org.testng.reporters.JUnitReportReporter -->
<testsuite hostname="DESKTOP-51696N7" failures="0" tests="1" name="com.ninza.crm.campaigntest.CreateCampaignTest" time="5.400" errors="0" timestamp="2025-09-19T18:21:26 IST" skipped="0">
  <testcase classname="com.ninza.crm.campaigntest.CreateCampaignTest" name="createCamapignWithMandataoryFieldsTest" time="5.400"/>
</testsuite> <!-- com.ninza.crm.campaigntest.CreateCampaignTest -->
