<?xml version="1.0" encoding="UTF-8"?>
<!-- Generated by org.testng.reporters.JUnitReportReporter -->
<testsuite hostname="DESKTOP-51696N7" failures="0" tests="2" name="com.ninza.crm.campaigntest.CreateCampaignTest" time="9.623" errors="0" timestamp="2025-09-23T18:21:36 IST" skipped="0">
  <testcase classname="com.ninza.crm.campaigntest.CreateCampaignTest" name="createCamapignWithMandataoryFieldsTest" time="4.827"/>
  <testcase classname="com.ninza.crm.campaigntest.CreateCampaignTest" name="createCampaignWithExpectedCloseDateTest" time="4.796"/>
</testsuite> <!-- com.ninza.crm.campaigntest.CreateCampaignTest -->
