<?xml version="1.0" encoding="UTF-8"?>
<!-- Generated by org.testng.reporters.JUnitReportReporter -->
<testsuite hostname="DESKTOP-51696N7" failures="0" tests="1" name="com.ninza.crm.producttest.CreateProductTest" time="6.061" errors="0" timestamp="2025-09-23T18:21:52 IST" skipped="0">
  <testcase classname="com.ninza.crm.producttest.CreateProductTest" name="createProductWithMandatoryFieldTest" time="6.061"/>
</testsuite> <!-- com.ninza.crm.producttest.CreateProductTest -->
